<?xml version="1.0" encoding="UTF-8"?>
<testng-results ignored="0" total="1" passed="1" failed="0" skipped="0">
  <reporter-output>
  </reporter-output>
  <suite started-at="2025-01-13T15:06:59 IST" name="Default suite" finished-at="2025-01-13T15:07:25 IST" duration-ms="26219">
    <groups>
    </groups>
    <test started-at="2025-01-13T15:06:59 IST" name="Default test" finished-at="2025-01-13T15:07:25 IST" duration-ms="26219">
      <class name="Base.HandleWindows">
        <test-method is-config="true" signature="setup()[pri:0, instance:Base.HandleWindows@4116aac9]" started-at="2025-01-13T15:06:59 IST" name="setup" finished-at="2025-01-13T15:07:14 IST" duration-ms="14971" status="PASS">
          <reporter-output>
          </reporter-output>
        </test-method> <!-- setup -->
        <test-method signature="testHandlewindow()[pri:0, instance:Base.HandleWindows@4116aac9]" started-at="2025-01-13T15:07:14 IST" name="testHandlewindow" finished-at="2025-01-13T15:07:25 IST" duration-ms="11083" status="PASS">
          <reporter-output>
          </reporter-output>
        </test-method> <!-- testHandlewindow -->
      </class> <!-- Base.HandleWindows -->
    </test> <!-- Default test -->
  </suite> <!-- Default suite -->
</testng-results>
